2025-08-22 21:28:03 - root - INFO - Logging has been configured successfully.
2025-08-22 21:28:03 - image_classification.clip_service - INFO - CLIPService created for model: ViT-B-32
2025-08-22 21:28:03 - image_classification.clip_service - INFO - Initializing OpenCLIP model: ViT-B-32
2025-08-22 21:28:03 - image_classification.clip_model - INFO - Using device: mps
2025-08-22 21:28:03 - root - INFO - Loaded ViT-B-32 model config.
2025-08-22 21:28:10 - root - INFO - Loading pretrained ViT-B-32 weights (laion2b_s34b_b79k).
2025-08-22 21:28:12 - image_classification.clip_model - INFO - Initialized scene classification embeddings for 6 prompts
2025-08-22 21:28:12 - image_classification.clip_model - INFO - Model ViT-B-32: total_params=151277313, trainable_params=151277313
2025-08-22 21:28:12 - image_classification.clip_model - INFO - 📖 Loading ImageNet classes from package resources.
2025-08-22 21:28:12 - image_classification.clip_model - INFO - ✅ Loaded 1000 ImageNet classes.
2025-08-22 21:28:12 - image_classification.clip_model - INFO - Model initialized in 8.71 seconds
2025-08-22 21:28:12 - image_classification.clip_service - INFO - Model initialized: ViT-B-32 on device mps (load_time=8.71s)
2025-08-22 21:28:12 - __main__ - INFO - Service 'clip' registered.
2025-08-22 21:28:12 - __main__ - INFO - CLIP service initialized.
2025-08-22 21:28:12 - biological_atlas.bioclip_service - INFO - BioCLIPService instantiated with fixed model version bioclip2
2025-08-22 21:28:12 - biological_atlas.bioclip_service - INFO - Initializing BioCLIP model...
2025-08-22 21:28:22 - root - INFO - Loaded hf-hub:imageomics/bioclip-2 model config.
2025-08-22 21:28:25 - root - INFO - Loading pretrained hf-hub:imageomics/bioclip-2 weights (/Users/zhanzihao/.cache/huggingface/hub/models--imageomics--bioclip-2/snapshots/df00ae6ffea92819f318258352712c8cc3d1d5b3/open_clip_model.safetensors).
2025-08-22 21:28:36 - biological_atlas.bioclip_service - INFO - BioCLIP ready on mps (load 20.39s)
2025-08-22 21:28:36 - __main__ - INFO - Service 'bioclip' registered.
2025-08-22 21:28:36 - __main__ - INFO - BioCLIP service initialized.
2025-08-22 21:28:36 - __main__ - INFO - gRPC server listening on port 50051
2025-08-22 22:05:30 - __main__ - INFO - Server shut down
2025-08-23 15:04:03 - root - INFO - Logging has been configured successfully.
2025-08-23 15:04:03 - image_classification.clip_service - INFO - CLIPService created for model: ViT-B-32
2025-08-23 15:04:03 - image_classification.clip_service - INFO - Initializing OpenCLIP model: ViT-B-32
2025-08-23 15:04:03 - image_classification.clip_model - INFO - Using device: mps
2025-08-23 15:04:03 - root - INFO - Loaded ViT-B-32 model config.
2025-08-23 15:04:10 - root - INFO - Loading pretrained ViT-B-32 weights (laion2b_s34b_b79k).
2025-08-23 15:04:11 - image_classification.clip_model - INFO - Initialized scene classification embeddings for 6 prompts
2025-08-23 15:04:11 - image_classification.clip_model - INFO - Model ViT-B-32: total_params=151277313, trainable_params=151277313
2025-08-23 15:04:11 - image_classification.clip_model - INFO - 📖 Loading ImageNet classes from package resources.
2025-08-23 15:04:11 - image_classification.clip_model - INFO - ✅ Loaded 1000 ImageNet classes.
2025-08-23 15:04:11 - image_classification.clip_model - INFO - Model initialized in 8.07 seconds
2025-08-23 15:04:11 - image_classification.clip_service - INFO - Model initialized: ViT-B-32 on device mps (load_time=8.07s)
2025-08-23 15:04:11 - __main__ - INFO - Service 'clip' registered.
2025-08-23 15:04:11 - __main__ - INFO - CLIP service initialized.
2025-08-23 15:04:11 - biological_atlas.bioclip_service - INFO - BioCLIPService instantiated with fixed model version bioclip2
2025-08-23 15:04:11 - biological_atlas.bioclip_service - INFO - Initializing BioCLIP model...
2025-08-23 15:04:21 - root - INFO - Loaded hf-hub:imageomics/bioclip-2 model config.
2025-08-23 15:04:24 - root - INFO - Loading pretrained hf-hub:imageomics/bioclip-2 weights (/Users/zhanzihao/.cache/huggingface/hub/models--imageomics--bioclip-2/snapshots/df00ae6ffea92819f318258352712c8cc3d1d5b3/open_clip_model.safetensors).
2025-08-23 15:04:36 - biological_atlas.bioclip_service - INFO - BioCLIP ready on mps (load 21.05s)
2025-08-23 15:04:36 - __main__ - INFO - Service 'bioclip' registered.
2025-08-23 15:04:36 - __main__ - INFO - BioCLIP service initialized.
2025-08-23 15:04:36 - __main__ - INFO - gRPC server listening on port 50051
2025-08-24 09:43:46 - __main__ - INFO - Server shut down
